c:\users\admin\desktop\tzdraft\engines\sidra\sidra\x64\release\vc145.pdb
c:\users\admin\desktop\tzdraft\engines\sidra\sidra\x64\release\utils.obj
c:\users\admin\desktop\tzdraft\engines\sidra\sidra\x64\release\time.obj
c:\users\admin\desktop\tzdraft\engines\sidra\sidra\x64\release\search.obj
c:\users\admin\desktop\tzdraft\engines\sidra\sidra\x64\release\move.obj
c:\users\admin\desktop\tzdraft\engines\sidra\sidra\x64\release\main.obj
c:\users\admin\desktop\tzdraft\engines\sidra\sidra\x64\release\generator.obj
c:\users\admin\desktop\tzdraft\engines\sidra\sidra\x64\release\evaluate.obj
c:\users\admin\desktop\tzdraft\engines\sidra\sidra\x64\release\ed.obj
c:\users\admin\desktop\tzdraft\engines\sidra\sidra\x64\release\board.obj
c:\users\admin\desktop\tzdraft\engines\sidra\x64\release\sidra.dll
c:\users\admin\desktop\tzdraft\engines\sidra\x64\release\sidra.pdb
c:\users\admin\desktop\tzdraft\engines\sidra\x64\release\sidra.lib
c:\users\admin\desktop\tzdraft\engines\sidra\x64\release\sidra.exp
c:\users\admin\desktop\tzdraft\engines\sidra\sidra\x64\release\sidra.ipdb
c:\users\admin\desktop\tzdraft\engines\sidra\sidra\x64\release\sidra.iobj
c:\users\admin\desktop\tzdraft\engines\sidra\sidra\x64\release\sidra.tlog\cl.command.1.tlog
c:\users\admin\desktop\tzdraft\engines\sidra\sidra\x64\release\sidra.tlog\cl.items.tlog
c:\users\admin\desktop\tzdraft\engines\sidra\sidra\x64\release\sidra.tlog\cl.read.1.tlog
c:\users\admin\desktop\tzdraft\engines\sidra\sidra\x64\release\sidra.tlog\cl.write.1.tlog
c:\users\admin\desktop\tzdraft\engines\sidra\sidra\x64\release\sidra.tlog\link.command.1.tlog
c:\users\admin\desktop\tzdraft\engines\sidra\sidra\x64\release\sidra.tlog\link.read.1.tlog
c:\users\admin\desktop\tzdraft\engines\sidra\sidra\x64\release\sidra.tlog\link.secondary.1.tlog
c:\users\admin\desktop\tzdraft\engines\sidra\sidra\x64\release\sidra.tlog\link.write.1.tlog
